[15:50:07.195] [INFO] storybook v10.4.0
[15:50:07.913] [DEBUG] Getting package.json info for C:/Projects/dev/Portfolio/Site/package.json...
[15:50:08.621] [ERROR] [38;2;241;97;97mSB_CORE-SERVER_0002 (CriticalPresetLoadError): Storybook failed to load the following preset: C:/Projects/dev/Portfolio/Site/.storybook/main.ts.

Please check whether your setup is correct, the Storybook dependencies (and their peer dependencies) are installed correctly and there are no package version clashes.

If you believe this is a bug, please open an issue on Github.

SB_CORE-SERVER_0002 (CriticalPresetLoadError): Storybook failed to load the following preset: @storybook/addon-docs.

Please check whether your setup is correct, the Storybook dependencies (and their peer dependencies) are installed correctly and there are no package version clashes.

If you believe this is a bug, please open an issue on Github.

SB_CORE-SERVER_0002 (CriticalPresetLoadError): Storybook failed to load the following preset: C:/Projects/dev/Portfolio/Site/node_modules/@storybook/addon-docs/dist/preset.js.

Please check whether your setup is correct, the Storybook dependencies (and their peer dependencies) are installed correctly and there are no package version clashes.

If you believe this is a bug, please open an issue on Github.

Error [ERR_PACKAGE_PATH_NOT_EXPORTED]: Package subpath './preset' is not defined by "exports" in .\node_modules\@storybook\addon-docs\node_modules\@storybook\react-dom-shim\package.json imported from .\node_modules\@storybook\addon-docs\dist\preset.js
    at exportsNotFound (node:internal/modules/esm/resolve:313:10)
    at packageExportsResolve (node:internal/modules/esm/resolve:661:9)
    at packageResolve (node:internal/modules/esm/resolve:774:12)
    at moduleResolve (node:internal/modules/esm/resolve:858:18)
    at defaultResolve (node:internal/modules/esm/resolve:990:11)
    at nextResolve (node:internal/modules/esm/hooks:748:28)
    at Hooks.resolve (node:internal/modules/esm/hooks:240:30)
    at handleMessage (node:internal/modules/esm/worker:201:24)
    at Immediate.checkForMessages (node:internal/modules/esm/worker:143:28)
    at process.processImmediate (node:internal/timers:505:21)

More info: 

    at loadPreset (file:///C:/Projects/dev/Portfolio/Site/node_modules/storybook/dist/_node-chunks/chunk-WKCYHYMS.js:9157:13)
    at async Promise.all (index 0)
    at async loadPresets (file:///C:/Projects/dev/Portfolio/Site/node_modules/storybook/dist/_node-chunks/chunk-WKCYHYMS.js:9166:73)
    at async loadPreset (file:///C:/Projects/dev/Portfolio/Site/node_modules/storybook/dist/_node-chunks/chunk-WKCYHYMS.js:9139:12)
    at async Promise.all (index 0)
    at async loadPresets (file:///C:/Projects/dev/Portfolio/Site/node_modules/storybook/dist/_node-chunks/chunk-WKCYHYMS.js:9166:73)
    at async loadPreset (file:///C:/Projects/dev/Portfolio/Site/node_modules/storybook/dist/_node-chunks/chunk-WKCYHYMS.js:9140:12)
    at async Promise.all (index 1)
    at async loadPresets (file:///C:/Projects/dev/Portfolio/Site/node_modules/storybook/dist/_node-chunks/chunk-WKCYHYMS.js:9166:73)
    at async getPresets (file:///C:/Projects/dev/Portfolio/Site/node_modules/storybook/dist/_node-chunks/chunk-WKCYHYMS.js:9197:23)

More info: 

    at loadPreset (file:///C:/Projects/dev/Portfolio/Site/node_modules/storybook/dist/_node-chunks/chunk-WKCYHYMS.js:9157:13)
    at async Promise.all (index 0)
    at async loadPresets (file:///C:/Projects/dev/Portfolio/Site/node_modules/storybook/dist/_node-chunks/chunk-WKCYHYMS.js:9166:73)
    at async loadPreset (file:///C:/Projects/dev/Portfolio/Site/node_modules/storybook/dist/_node-chunks/chunk-WKCYHYMS.js:9140:12)
    at async Promise.all (index 1)
    at async loadPresets (file:///C:/Projects/dev/Portfolio/Site/node_modules/storybook/dist/_node-chunks/chunk-WKCYHYMS.js:9166:73)
    at async getPresets (file:///C:/Projects/dev/Portfolio/Site/node_modules/storybook/dist/_node-chunks/chunk-WKCYHYMS.js:9197:23)
    at async buildDevStandalone (file:///C:/Projects/dev/Portfolio/Site/node_modules/storybook/dist/core-server/index.js:19412:52)
    at async withTelemetry (file:///C:/Projects/dev/Portfolio/Site/node_modules/storybook/dist/_node-chunks/chunk-OQIYQ5CW.js:655:12)
    at async dev (file:///C:/Projects/dev/Portfolio/Site/node_modules/storybook/dist/bin/core.js:2736:3)

More info: 
[39m
    at loadPreset (file:///C:/Projects/dev/Portfolio/Site/node_modules/storybook/dist/_node-chunks/chunk-WKCYHYMS.js:9157:13)
    at async Promise.all (index 1)
    at async loadPresets (file:///C:/Projects/dev/Portfolio/Site/node_modules/storybook/dist/_node-chunks/chunk-WKCYHYMS.js:9166:73)
    at async getPresets (file:///C:/Projects/dev/Portfolio/Site/node_modules/storybook/dist/_node-chunks/chunk-WKCYHYMS.js:9197:23)
    at async buildDevStandalone (file:///C:/Projects/dev/Portfolio/Site/node_modules/storybook/dist/core-server/index.js:19412:52)
    at async withTelemetry (file:///C:/Projects/dev/Portfolio/Site/node_modules/storybook/dist/_node-chunks/chunk-OQIYQ5CW.js:655:12)
    at async dev (file:///C:/Projects/dev/Portfolio/Site/node_modules/storybook/dist/bin/core.js:2736:3)
    at async _Command.<anonymous> (file:///C:/Projects/dev/Portfolio/Site/node_modules/storybook/dist/bin/core.js:2806:92)
[15:50:08.626] [WARN] Broken build, fix the error above.
You may need to refresh the browser.
[15:50:08.643] [WARN]   Failed to load preset: {"name":"C:/Projects/dev/Portfolio/Site/node_modules/@storybook/addon-docs/dist/preset.js"} on level 2
[15:50:08.644] [ERROR] Error [ERR_PACKAGE_PATH_NOT_EXPORTED]: Package subpath './preset' is not defined by "exports" in .\node_modules\@storybook\addon-docs\node_modules\@storybook\react-dom-shim\package.json imported from .\node_modules\@storybook\addon-docs\dist\preset.js
    at exportsNotFound (node:internal/modules/esm/resolve:313:10)
    at packageExportsResolve (node:internal/modules/esm/resolve:661:9)
    at packageResolve (node:internal/modules/esm/resolve:774:12)
    at moduleResolve (node:internal/modules/esm/resolve:858:18)
    at defaultResolve (node:internal/modules/esm/resolve:990:11)
    at nextResolve (node:internal/modules/esm/hooks:748:28)
    at Hooks.resolve (node:internal/modules/esm/hooks:240:30)
    at handleMessage (node:internal/modules/esm/worker:201:24)
    at Immediate.checkForMessages (node:internal/modules/esm/worker:143:28)
    at process.processImmediate (node:internal/timers:505:21)